0 info it worked if it ends with ok
1 verbose cli [ 'c:\\Program Files\\nodejs\\node.exe',
1 verbose cli   'c:\\Program Files\\nodejs\\node_modules\\npm\\bin\\npm-cli.js',
1 verbose cli   'install',
1 verbose cli   '--save',
1 verbose cli   'grunt-versioncontrol' ]
2 info using npm@1.4.28
3 info using node@v0.10.33
4 verbose readDependencies using package.json deps
5 verbose cache add [ 'grunt-versioncontrol', null ]
6 verbose cache add name=undefined spec="grunt-versioncontrol" args=["grunt-versioncontrol",null]
7 verbose parsed url { protocol: null,
7 verbose parsed url   slashes: null,
7 verbose parsed url   auth: null,
7 verbose parsed url   host: null,
7 verbose parsed url   port: null,
7 verbose parsed url   hostname: null,
7 verbose parsed url   hash: null,
7 verbose parsed url   search: null,
7 verbose parsed url   query: null,
7 verbose parsed url   pathname: 'grunt-versioncontrol',
7 verbose parsed url   path: 'grunt-versioncontrol',
7 verbose parsed url   href: 'grunt-versioncontrol' }
8 silly lockFile 31021359-grunt-versioncontrol grunt-versioncontrol
9 verbose lock grunt-versioncontrol C:\Users\Admin\AppData\Roaming\npm-cache\31021359-grunt-versioncontrol.lock
10 silly lockFile 31021359-grunt-versioncontrol grunt-versioncontrol
11 silly lockFile 31021359-grunt-versioncontrol grunt-versioncontrol
12 verbose addNamed [ 'grunt-versioncontrol', '' ]
13 verbose addNamed [ null, '*' ]
14 silly lockFile 339915a6-grunt-versioncontrol grunt-versioncontrol@
15 verbose lock grunt-versioncontrol@ C:\Users\Admin\AppData\Roaming\npm-cache\339915a6-grunt-versioncontrol.lock
16 silly addNameRange { name: 'grunt-versioncontrol', range: '*', hasData: false }
17 verbose request where is /grunt-versioncontrol
18 verbose request registry https://registry.npmjs.org/
19 verbose request id 1457afbb0f89c78e
20 verbose url raw /grunt-versioncontrol
21 verbose url resolving [ 'https://registry.npmjs.org/', './grunt-versioncontrol' ]
22 verbose url resolved https://registry.npmjs.org/grunt-versioncontrol
23 verbose request where is https://registry.npmjs.org/grunt-versioncontrol
24 info trying registry request attempt 1 at 18:03:01
25 http GET https://registry.npmjs.org/grunt-versioncontrol
26 http 404 https://registry.npmjs.org/grunt-versioncontrol
27 verbose headers { date: 'Wed, 10 Dec 2014 23:03:13 GMT',
27 verbose headers   server: 'CouchDB/1.5.0 (Erlang OTP/R16B03)',
27 verbose headers   'content-type': 'application/json',
27 verbose headers   'cache-control': 'max-age=0',
27 verbose headers   'content-length': '52',
27 verbose headers   'accept-ranges': 'bytes',
27 verbose headers   via: '1.1 varnish',
27 verbose headers   age: '0',
27 verbose headers   'x-served-by': 'cache-dfw1829-DFW',
27 verbose headers   'x-cache': 'MISS',
27 verbose headers   'x-cache-hits': '0',
27 verbose headers   'x-timer': 'S1418252592.845640,VS0,VE262',
27 verbose headers   'keep-alive': 'timeout=10, max=50',
27 verbose headers   connection: 'Keep-Alive' }
28 silly registry.get cb [ 404,
28 silly registry.get   { date: 'Wed, 10 Dec 2014 23:03:13 GMT',
28 silly registry.get     server: 'CouchDB/1.5.0 (Erlang OTP/R16B03)',
28 silly registry.get     'content-type': 'application/json',
28 silly registry.get     'cache-control': 'max-age=0',
28 silly registry.get     'content-length': '52',
28 silly registry.get     'accept-ranges': 'bytes',
28 silly registry.get     via: '1.1 varnish',
28 silly registry.get     age: '0',
28 silly registry.get     'x-served-by': 'cache-dfw1829-DFW',
28 silly registry.get     'x-cache': 'MISS',
28 silly registry.get     'x-cache-hits': '0',
28 silly registry.get     'x-timer': 'S1418252592.845640,VS0,VE262',
28 silly registry.get     'keep-alive': 'timeout=10, max=50',
28 silly registry.get     connection: 'Keep-Alive' } ]
29 silly lockFile 339915a6-grunt-versioncontrol grunt-versioncontrol@
30 silly lockFile 339915a6-grunt-versioncontrol grunt-versioncontrol@
31 error 404 404 Not Found: grunt-versioncontrol
31 error 404
31 error 404 'grunt-versioncontrol' is not in the npm registry.
31 error 404 You should bug the author to publish it
31 error 404 It was specified as a dependency of 'modern-webapp'
31 error 404
31 error 404 Note that you can also install from a
31 error 404 tarball, folder, or http url, or git url.
32 error System Windows_NT 6.2.9200
33 error command "c:\\Program Files\\nodejs\\node.exe" "c:\\Program Files\\nodejs\\node_modules\\npm\\bin\\npm-cli.js" "install" "--save" "grunt-versioncontrol"
34 error cwd D:\Projects\jukeboxjs
35 error node -v v0.10.33
36 error npm -v 1.4.28
37 error code E404
38 verbose exit [ 1, true ]
